<?xml version="1.0" encoding="UTF-8"?>
<!-- Generated by org.testng.reporters.JUnitReportReporter -->
<testsuite hostname="DESKTOP-6VOTVFS" failures="0" tests="1" name="WebTestCases.EESubjectTaggingTestCases" time="74.571" errors="0" timestamp="2020-05-01T03:37:17 IST" skipped="0">
  <testcase classname="WebTestCases.EESubjectTaggingTestCases" name="EESubjectTagging" time="74.571"/>
  <system-out/>
</testsuite> <!-- WebTestCases.EESubjectTaggingTestCases -->
