<?xml version="1.0" encoding="UTF-8"?>
<!-- Generated by org.testng.reporters.JUnitReportReporter -->
<testsuite hostname="DESKTOP-6VOTVFS" failures="0" tests="1" name="WebTestCases.ExamEventMasterTestCases" time="105.211" errors="0" timestamp="2020-05-02T16:30:28 IST" skipped="0">
  <testcase classname="WebTestCases.ExamEventMasterTestCases" name="EEMTestCaseExecution" time="105.211"/>
  <system-out/>
</testsuite> <!-- WebTestCases.ExamEventMasterTestCases -->
