<?xml version="1.0" encoding="UTF-8"?>
<!-- Generated by org.testng.reporters.JUnitReportReporter -->
<testsuite hostname="DESKTOP-6VOTVFS" failures="0" tests="1" name="WebTestCases.TC_001_FB_EventCreation" time="153.626" errors="0" timestamp="2020-04-22T18:53:36 IST" skipped="0">
  <testcase classname="WebTestCases.TC_001_FB_EventCreation" name="EventCodeCreation" time="153.626"/>
  <system-out/>
</testsuite> <!-- WebTestCases.TC_001_FB_EventCreation -->
