<?xml version="1.0" encoding="UTF-8"?>
<!-- Generated by org.testng.reporters.JUnitReportReporter -->
<testsuite skipped="0" hostname="DESKTOP-TG3N5CV" name="WebTestCases.TC_001_CreateEvent" tests="1" failures="0" timestamp="2020-04-13T11:44:12 IST" time="21.874" errors="0">
  <testcase name="TC_001_Create_Event" time="21.874" classname="WebTestCases.TC_001_CreateEvent"/>
  <system-out/>
</testsuite> <!-- WebTestCases.TC_001_CreateEvent -->
