<?xml version="1.0" encoding="UTF-8"?>
<!-- Generated by org.testng.reporters.JUnitReportReporter -->
<testsuite hostname="DESKTOP-6VOTVFS" failures="0" tests="1" name="WebTestCases.MarksUploadTestCases$MarksUploadTestcases" time="67.397" errors="0" timestamp="2020-05-06T02:27:55 IST" skipped="0">
  <testcase classname="WebTestCases.MarksUploadTestCases$MarksUploadTestcases" name="MarksUploadTCExecution" time="67.397"/>
  <system-out/>
</testsuite> <!-- WebTestCases.MarksUploadTestCases$MarksUploadTestcases -->
