<?xml version="1.0" encoding="UTF-8"?>
<!-- Generated by org.testng.reporters.JUnitReportReporter -->
<testsuite skipped="0" hostname="DESKTOP-TG3N5CV" name="WebTestCases.TC_002_CreateEvent" tests="1" failures="0" timestamp="2020-04-13T11:44:12 IST" time="15.478" errors="0">
  <testcase name="TC_002_Create_Event" time="15.478" classname="WebTestCases.TC_002_CreateEvent"/>
  <system-out/>
</testsuite> <!-- WebTestCases.TC_002_CreateEvent -->
