<?xml version="1.0" encoding="UTF-8"?>
<!-- Generated by org.testng.reporters.JUnitReportReporter -->
<testsuite hostname="DESKTOP-6VOTVFS" failures="0" tests="1" name="WebTestCases.TC_003_FB_DeleteFacultyEvent" time="81.004" errors="0" timestamp="2020-04-23T16:06:23 IST" skipped="0">
  <testcase classname="WebTestCases.TC_003_FB_DeleteFacultyEvent" name="DeleteSubject" time="81.004"/>
  <system-out/>
</testsuite> <!-- WebTestCases.TC_003_FB_DeleteFacultyEvent -->
