<?xml version="1.0" encoding="UTF-8"?>
<!-- Generated by org.testng.reporters.JUnitReportReporter -->
<testsuite hostname="DESKTOP-6VOTVFS" failures="0" tests="1" name="WebTestCases.EESubjectTaggingTestCases" time="835.677" errors="0" timestamp="2020-05-25T20:43:53 IST" skipped="0">
  <testcase classname="WebTestCases.EESubjectTaggingTestCases" name="EESubjectTagging" time="835.677"/>
  <system-out/>
</testsuite> <!-- WebTestCases.EESubjectTaggingTestCases -->
