<?xml version="1.0" encoding="UTF-8"?>
<!-- Generated by org.testng.reporters.JUnitReportReporter -->
<testsuite hostname="DESKTOP-6VOTVFS" failures="0" tests="1" name="WebTestCases.FeedBackModule_001" time="84.266" errors="0" timestamp="2020-04-22T11:25:37 IST" skipped="0">
  <testcase classname="WebTestCases.FeedBackModule_001" name="FeedBack_Module_001" time="84.266"/>
  <system-out/>
</testsuite> <!-- WebTestCases.FeedBackModule_001 -->
