<?xml version="1.0" encoding="UTF-8"?>
<!-- Generated by org.testng.reporters.JUnitReportReporter -->
<testsuite hostname="DESKTOP-6VOTVFS" failures="0" tests="1" name="WebTestCases.TC_004_FB_TopicCreationAndVerification" time="87.473" errors="0" timestamp="2020-04-23T15:29:40 IST" skipped="0">
  <testcase classname="WebTestCases.TC_004_FB_TopicCreationAndVerification" name="TopicCreationAndVerification" time="87.473"/>
  <system-out/>
</testsuite> <!-- WebTestCases.TC_004_FB_TopicCreationAndVerification -->
