<?xml version="1.0" encoding="UTF-8"?>
<!-- Generated by org.testng.reporters.JUnitReportReporter -->
<testsuite hostname="DESKTOP-6VOTVFS" failures="0" tests="1" name="WebTestCases.MarksUploadTestCases$MarksUploadTestcases" time="59.833" errors="0" timestamp="2020-05-06T16:26:15 IST" skipped="0">
  <testcase classname="WebTestCases.MarksUploadTestCases$MarksUploadTestcases" name="MarksUploadTCExecution" time="59.833"/>
  <system-out/>
</testsuite> <!-- WebTestCases.MarksUploadTestCases$MarksUploadTestcases -->
