<?xml version="1.0" encoding="UTF-8"?>
<!-- Generated by org.testng.reporters.JUnitReportReporter -->
<testsuite hostname="DESKTOP-6VOTVFS" failures="0" tests="1" name="WebTestCases.MarksUploadTestCases$MarksUploadTestcases" time="77.737" errors="0" timestamp="2020-05-10T20:05:32 IST" skipped="0">
  <testcase classname="WebTestCases.MarksUploadTestCases$MarksUploadTestcases" name="MarksUploadTCExecution" time="77.737"/>
  <system-out/>
</testsuite> <!-- WebTestCases.MarksUploadTestCases$MarksUploadTestcases -->
