<?xml version="1.0" encoding="UTF-8"?>
<!-- Generated by org.testng.reporters.JUnitReportReporter -->
<testsuite hostname="DESKTOP-6VOTVFS" failures="0" tests="1" name="WebTestCases.UnlockMarksEntryTestCases" time="85.392" errors="0" timestamp="2020-05-09T02:06:12 IST" skipped="0">
  <testcase classname="WebTestCases.UnlockMarksEntryTestCases" name="UnlockMarksEntryExe" time="85.392"/>
  <system-out/>
</testsuite> <!-- WebTestCases.UnlockMarksEntryTestCases -->
