<?xml version="1.0" encoding="UTF-8"?>
<!-- Generated by org.testng.reporters.JUnitReportReporter -->
<testsuite hostname="DESKTOP-6VOTVFS" failures="0" tests="1" name="WebTestCases.TC_002_FB_BroadCastStudentForm" time="121.312" errors="0" timestamp="2020-04-22T23:55:19 IST" skipped="0">
  <testcase classname="WebTestCases.TC_002_FB_BroadCastStudentForm" name="StudentFromBroadcast" time="121.312"/>
  <system-out/>
</testsuite> <!-- WebTestCases.TC_002_FB_BroadCastStudentForm -->
