<?xml version="1.0" encoding="UTF-8"?>
<!-- Generated by org.testng.reporters.JUnitReportReporter -->
<testsuite hostname="DESKTOP-6VOTVFS" failures="0" tests="1" name="WebTestCases.EESubjectTaggingTestCases" time="72.857" errors="0" timestamp="2020-05-01T18:02:04 IST" skipped="0">
  <testcase classname="WebTestCases.EESubjectTaggingTestCases" name="EESubjectTagging" time="72.857"/>
  <system-out/>
</testsuite> <!-- WebTestCases.EESubjectTaggingTestCases -->
