<?xml version="1.0" encoding="UTF-8"?>
<!-- Generated by org.testng.reporters.JUnitReportReporter -->
<testsuite hostname="DESKTOP-6VOTVFS" failures="0" tests="1" name="WebTestCases.TC_005_FB_TemplateCreationAndVerification" time="109.793" errors="0" timestamp="2020-04-24T14:58:20 IST" skipped="0">
  <testcase classname="WebTestCases.TC_005_FB_TemplateCreationAndVerification" name="TemplateCreationAndVerification" time="109.793"/>
  <system-out/>
</testsuite> <!-- WebTestCases.TC_005_FB_TemplateCreationAndVerification -->
